info: May-02-2022 14:12:32: 	Testing
info: May-02-2022 14:12:32: 	Testing
info: May-02-2022 14:12:42: 	Testing
info: May-02-2022 14:12:42: 	Testing
info: May-02-2022 14:16:40: 	connected as id 38
info: May-02-2022 14:17:13: 	connected as id 39
info: May-02-2022 14:18:08: 	connected as id 41
info: May-02-2022 14:33:58: 	connected as id 47
info: May-02-2022 14:34:09: 	connected as id 48
info: May-02-2022 14:35:53: 	connected as id 50
info: May-02-2022 14:36:22: 	connected as id 52
info: May-02-2022 14:37:04: 	connected as id 53
info: May-02-2022 14:37:32: 	connected as id 54
info: May-02-2022 14:37:36: 	connected as id 55
info: May-02-2022 14:37:47: 	connected as id 56
info: May-02-2022 14:44:52: 	connected as id 61
info: May-02-2022 14:55:13: 	connected as id 64
info: May-02-2022 14:55:56: 	connected as id 65
info: May-02-2022 14:56:15: 	connected as id 66
<<<<<<< Updated upstream
info: May-02-2022 17:49:51: 	connected as id 132
info: May-02-2022 18:03:00: 	connected as id 138
info: May-02-2022 18:04:55: 	connected as id 141
info: May-02-2022 18:05:29: 	connected as id 142
info: May-02-2022 18:05:40: 	connected as id 143
info: May-02-2022 18:06:30: 	connected as id 144
info: May-02-2022 18:07:03: 	connected as id 145
info: May-02-2022 18:07:36: 	connected as id 146
info: May-02-2022 18:08:18: 	connected as id 148
info: May-02-2022 18:13:07: 	connected as id 151
=======
info: May-02-2022 16:20:26: 	connected as id 100
info: May-02-2022 16:48:34: 	connected as id 114
info: May-02-2022 16:55:03: 	connected as id 117
info: May-02-2022 17:44:16: 	connected as id 130
info: May-02-2022 17:56:40: 	connected as id 135
>>>>>>> Stashed changes
info: May-02-2022 18:33:17: 	connected as id 164
